<?xml version="1.0" encoding="UTF-8"?>
<testng-results ignored="0" total="2" passed="2" failed="0" skipped="0">
  <reporter-output>
    <line>
      <![CDATA[http://www.fb.com]]>
    </line>
    <line>
      <![CDATA[Facebook – log in or sign up]]>
    </line>
    <line>
      <![CDATA[A1]]>
    </line>
    <line>
      <![CDATA[http://www.fb.com]]>
    </line>
    <line>
      <![CDATA[Facebook – log in or sign up]]>
    </line>
    <line>
      <![CDATA[A1]]>
    </line>
    <line>
      <![CDATA[admin]]>
    </line>
  </reporter-output>
  <suite started-at="2022-03-04T02:35:48Z" name="Suite" finished-at="2022-03-04T02:36:02Z" duration-ms="14118">
    <groups>
    </groups>
    <test started-at="2022-03-04T02:35:48Z" name="Test" finished-at="2022-03-04T02:36:02Z" duration-ms="14118">
      <class name="script.Test2">
        <test-method is-config="true" signature="openApp()[pri:0, instance:script.Test2@5c45d770]" started-at="2022-03-04T02:35:58Z" name="openApp" finished-at="2022-03-04T02:36:02Z" duration-ms="3558" status="PASS">
          <reporter-output>
          </reporter-output>
        </test-method> <!-- openApp -->
        <test-method signature="testA()[pri:0, instance:script.Test2@5c45d770]" started-at="2022-03-04T02:36:02Z" name="testA" finished-at="2022-03-04T02:36:02Z" duration-ms="169" status="PASS">
          <reporter-output>
            <line>
              <![CDATA[http://www.fb.com]]>
            </line>
            <line>
              <![CDATA[Facebook – log in or sign up]]>
            </line>
            <line>
              <![CDATA[A1]]>
            </line>
            <line>
              <![CDATA[admin]]>
            </line>
          </reporter-output>
        </test-method> <!-- testA -->
        <test-method is-config="true" signature="closeApp()[pri:0, instance:script.Test2@5c45d770]" started-at="2022-03-04T02:36:02Z" name="closeApp" finished-at="2022-03-04T02:36:02Z" duration-ms="247" status="PASS">
          <reporter-output>
          </reporter-output>
        </test-method> <!-- closeApp -->
      </class> <!-- script.Test2 -->
      <class name="script.Test1">
        <test-method is-config="true" signature="openApp()[pri:0, instance:script.Test1@5b7a8434]" started-at="2022-03-04T02:35:48Z" name="openApp" finished-at="2022-03-04T02:35:53Z" duration-ms="4554" status="PASS">
          <reporter-output>
          </reporter-output>
        </test-method> <!-- openApp -->
        <test-method signature="testA()[pri:0, instance:script.Test1@5b7a8434]" started-at="2022-03-04T02:35:53Z" name="testA" finished-at="2022-03-04T02:35:54Z" duration-ms="1271" status="PASS">
          <reporter-output>
            <line>
              <![CDATA[http://www.fb.com]]>
            </line>
            <line>
              <![CDATA[Facebook – log in or sign up]]>
            </line>
            <line>
              <![CDATA[A1]]>
            </line>
          </reporter-output>
        </test-method> <!-- testA -->
        <test-method is-config="true" signature="closeApp()[pri:0, instance:script.Test1@5b7a8434]" started-at="2022-03-04T02:35:54Z" name="closeApp" finished-at="2022-03-04T02:35:58Z" duration-ms="4274" status="PASS">
          <reporter-output>
          </reporter-output>
        </test-method> <!-- closeApp -->
      </class> <!-- script.Test1 -->
    </test> <!-- Test -->
  </suite> <!-- Suite -->
</testng-results>
